<?xml version="1.0" encoding="UTF-8"?>
<!-- Generated by org.testng.reporters.JUnitXMLReporter -->
<testsuite ignored="0" hostname="LAPTOP-BIM2FR3V" failures="0" tests="4" name="Test" time="52.063" errors="0" timestamp="2024-06-08T07:14:01 IST">
  <testcase classname="scenarios.MouseHover" name="dragAndDrop" time="12.597"/>
  <testcase classname="scenarios.SwitchingWindows" name="switchWin" time="9.973"/>
  <testcase classname="scenarios.RadBtnsAndChkBox" name="radChkBox" time="18.808"/>
  <testcase classname="scenarios.DynDataHandling" name="DynDataCaptcha" time="10.621"/>
</testsuite> <!-- Test -->
