<?xml version="1.0" encoding="UTF-8"?>
<!-- Generated by org.testng.reporters.JUnitXMLReporter -->
<testsuite ignored="0" hostname="LAPTOP-BIM2FR3V" failures="0" tests="4" name="Test" time="48.259" errors="0" timestamp="2024-06-14T06:06:53 IST">
  <testcase classname="scenarios.MouseHover" name="dragAndDrop" time="11.056"/>
  <testcase classname="scenarios.SwitchingWindows" name="switchWin" time="8.849"/>
  <testcase classname="scenarios.RadBtnsAndChkBox" name="radChkBox" time="17.482"/>
  <testcase classname="scenarios.DynDataHandling" name="DynDataCaptcha" time="10.801"/>
</testsuite> <!-- Test -->
