<?xml version="1.0" encoding="UTF-8"?>
<testsuite xmlns:xsi="http://www.w3.org/2001/XMLSchema-instance" xsi:noNamespaceSchemaLocation="https://maven.apache.org/surefire/maven-surefire-plugin/xsd/surefire-test-report.xsd" name="TestSuite" time="49.026" tests="4" errors="0" skipped="0" failures="0">
  <properties>
[...]
</properties>
  <testcase name="dragAndDrop" classname="scenarios.MouseHover" time="11.058"/>
  <testcase name="switchWin" classname="scenarios.SwitchingWindows" time="8.851"/>
  <testcase name="radChkBox" classname="scenarios.RadBtnsAndChkBox" time="17.484"/>
  <testcase name="DynDataCaptcha" classname="scenarios.DynDataHandling" time="10.801"/>
</testsuite>