<?xml version="1.0" encoding="UTF-8"?>
<testng-results ignored="0" total="4" passed="4" failed="0" skipped="0">
  <reporter-output>
  </reporter-output>
  <suite started-at="2024-06-08T07:13:09 IST" name="Suite" finished-at="2024-06-08T07:14:01 IST" duration-ms="52063">
    <groups>
    </groups>
    <test started-at="2024-06-08T07:13:09 IST" name="Test" finished-at="2024-06-08T07:14:01 IST" duration-ms="52063">
      <class name="scenarios.MouseHover">
        <test-method signature="dragAndDrop()[pri:0, instance:scenarios.MouseHover@3c407114]" started-at="2024-06-08T07:13:09 IST" name="dragAndDrop" finished-at="2024-06-08T07:13:21 IST" duration-ms="12597" status="PASS">
          <reporter-output>
          </reporter-output>
        </test-method> <!-- dragAndDrop -->
      </class> <!-- scenarios.MouseHover -->
      <class name="scenarios.RadBtnsAndChkBox">
        <test-method signature="radChkBox()[pri:0, instance:scenarios.RadBtnsAndChkBox@61df66b6]" started-at="2024-06-08T07:13:31 IST" name="radChkBox" finished-at="2024-06-08T07:13:50 IST" duration-ms="18808" status="PASS">
          <reporter-output>
          </reporter-output>
        </test-method> <!-- radChkBox -->
      </class> <!-- scenarios.RadBtnsAndChkBox -->
      <class name="scenarios.SwitchingWindows">
        <test-method signature="switchWin()[pri:0, instance:scenarios.SwitchingWindows@291ae]" started-at="2024-06-08T07:13:21 IST" name="switchWin" finished-at="2024-06-08T07:13:31 IST" duration-ms="9973" status="PASS">
          <reporter-output>
          </reporter-output>
        </test-method> <!-- switchWin -->
      </class> <!-- scenarios.SwitchingWindows -->
      <class name="scenarios.DynDataHandling">
        <test-method signature="DynDataCaptcha()[pri:0, instance:scenarios.DynDataHandling@50eac852]" started-at="2024-06-08T07:13:50 IST" name="DynDataCaptcha" finished-at="2024-06-08T07:14:01 IST" duration-ms="10621" status="PASS">
          <reporter-output>
          </reporter-output>
        </test-method> <!-- DynDataCaptcha -->
      </class> <!-- scenarios.DynDataHandling -->
    </test> <!-- Test -->
  </suite> <!-- Suite -->
</testng-results>
